<?xml version="1.0" encoding="UTF-8"?>
<!-- Generated by org.testng.reporters.JUnitReportReporter -->
<testsuite skipped="0" hostname="DESKTOP-TD6L0N5" name="tests.SearchProductTest" tests="1" failures="0" timestamp="31 Dec 2019 19:12:03 GMT" time="6.235" errors="0">
  <testcase name="UserCanSearchForProducts" time="6.235" classname="tests.SearchProductTest"/>
</testsuite> <!-- tests.SearchProductTest -->
