<?xml version="1.0" encoding="UTF-8"?>
<!-- Generated by org.testng.reporters.JUnitReportReporter -->
<testsuite skipped="0" hostname="DESKTOP-TD6L0N5" name="tests.EmailFriendTest" tests="4" failures="0" timestamp="28 Dec 2019 15:12:07 GMT" time="16.337" errors="0">
  <testcase name="UserCanRegisterSuccessfully" time="6.156" classname="tests.EmailFriendTest"/>
  <testcase name="UserCanSearchWithAutoSuggest" time="4.681" classname="tests.EmailFriendTest"/>
  <testcase name="RegisteredUserCanSendProductToEmail" time="3.193" classname="tests.EmailFriendTest"/>
  <testcase name="RegisteredUserCanLogout" time="2.307" classname="tests.EmailFriendTest"/>
</testsuite> <!-- tests.EmailFriendTest -->
