<?xml version="1.0" encoding="UTF-8"?>
<!-- Generated by org.testng.reporters.JUnitReportReporter -->
<testsuite skipped="0" hostname="DESKTOP-TD6L0N5" name="tests.SearchProductUsingAutomSuggest" tests="1" failures="0" timestamp="30 Dec 2019 21:15:58 GMT" time="3.781" errors="0">
  <testcase name="UserCanSearchWithAutoSuggest" time="3.781" classname="tests.SearchProductUsingAutomSuggest"/>
</testsuite> <!-- tests.SearchProductUsingAutomSuggest -->
