<?xml version="1.0" encoding="UTF-8"?>
<!-- Generated by org.testng.reporters.JUnitReportReporter -->
<testsuite skipped="0" hostname="DESKTOP-TD6L0N5" name="tests.MyAccountTest" tests="4" failures="0" timestamp="27 Dec 2019 19:50:15 GMT" time="16.862" errors="0">
  <testcase name="UserCanRegisterSuccessfully" time="5.759" classname="tests.MyAccountTest"/>
  <testcase name="RegisteredUserCanChangePassword" time="4.875" classname="tests.MyAccountTest"/>
  <testcase name="RegisteredUserCanLogout" time="2.493" classname="tests.MyAccountTest"/>
  <testcase name="RegisteredUserCanLogin" time="3.735" classname="tests.MyAccountTest"/>
</testsuite> <!-- tests.MyAccountTest -->
