<?xml version="1.0" encoding="UTF-8"?>
<!-- Generated by org.testng.reporters.JUnitReportReporter -->
<testsuite skipped="0" hostname="DESKTOP-TD6L0N5" name="tests.ContactUsTest" tests="1" failures="0" timestamp="30 Dec 2019 21:15:58 GMT" time="4.029" errors="0">
  <testcase name="UsercanuseContactUs" time="4.029" classname="tests.ContactUsTest"/>
</testsuite> <!-- tests.ContactUsTest -->
