<?xml version="1.0" encoding="UTF-8"?>
<!-- Generated by org.testng.reporters.JUnitReportReporter -->
<testsuite skipped="0" hostname="DESKTOP-TD6L0N5" name="tests.SearchProductPT" tests="1" failures="0" timestamp="12 Jan 2020 11:24:49 GMT" time="40.477" errors="0">
  <testcase name="UserCanSearchForProducts" time="40.477" classname="tests.SearchProductPT"/>
</testsuite> <!-- tests.SearchProductPT -->
