<?xml version="1.0" encoding="UTF-8"?>
<!-- Generated by org.testng.reporters.JUnitReportReporter -->
<testsuite skipped="0" hostname="DESKTOP-TD6L0N5" name="tests.ChangeCurrencyTest" tests="2" failures="0" timestamp="28 Dec 2019 19:37:10 GMT" time="8.110" errors="0">
  <testcase name="usercanChangeCurrency" time="2.638" classname="tests.ChangeCurrencyTest"/>
  <testcase name="UserCanSearchWithAutoSuggest" time="5.472" classname="tests.ChangeCurrencyTest"/>
</testsuite> <!-- tests.ChangeCurrencyTest -->
