<?xml version="1.0" encoding="UTF-8"?>
<!-- Generated by org.testng.reporters.JUnitReportReporter -->
<testsuite skipped="0" hostname="DESKTOP-TD6L0N5" name="runner.TestRunner" tests="2" failures="0" timestamp="04 Jan 2020 15:51:34 GMT" time="47.072" errors="0">
  <testcase name="feature" time="8.155" classname="runner.TestRunner"/>
  <testcase name="feature" time="38.917" classname="runner.TestRunner"/>
</testsuite> <!-- runner.TestRunner -->
