<?xml version="1.0" encoding="UTF-8"?>
<!-- Generated by org.testng.reporters.JUnitReportReporter -->
<testsuite skipped="0" hostname="DESKTOP-TD6L0N5" name="tests.AddProductToWishListTest" tests="3" failures="0" timestamp="29 Dec 2019 14:37:38 GMT" time="9.619" errors="0">
  <testcase name="UserCanSearchWithAutoSuggest" time="6.749" classname="tests.AddProductToWishListTest"/>
  <testcase name="UserCanAddProductToWishlist" time="2.033" classname="tests.AddProductToWishListTest"/>
  <testcase name="UserCanRemoveProductFromCart" time="0.837" classname="tests.AddProductToWishListTest"/>
</testsuite> <!-- tests.AddProductToWishListTest -->
