<?xml version="1.0" encoding="UTF-8"?>
<!-- Generated by org.testng.reporters.JUnitReportReporter -->
<testsuite skipped="0" hostname="DESKTOP-TD6L0N5" name="tests.ProductHoverMenuText" tests="2" failures="0" timestamp="28 Dec 2019 20:28:18 GMT" time="3.788" errors="0">
  <testcase name="UserCanSelectSubCategoryFromMenue" time="2.407" classname="tests.ProductHoverMenuText"/>
  <testcase name="runnotebook" time="1.381" classname="tests.ProductHoverMenuText"/>
</testsuite> <!-- tests.ProductHoverMenuText -->
