<?xml version="1.0" encoding="UTF-8"?>
<!-- Generated by org.testng.reporters.JUnitReportReporter -->
<testsuite skipped="0" hostname="DESKTOP-TD6L0N5" name="tests.UserRegisterationwithDDTandPropertiesFile" tests="3" failures="0" timestamp="02 Jan 2020 16:02:55 GMT" time="11.504" errors="0">
  <testcase name="RegisteredUserCanLogout" time="2.065" classname="tests.UserRegisterationwithDDTandPropertiesFile"/>
  <testcase name="RegisteredUserCanLogin" time="4.140" classname="tests.UserRegisterationwithDDTandPropertiesFile"/>
  <testcase name="UserCanRegisterSuccessfully" time="5.299" classname="tests.UserRegisterationwithDDTandPropertiesFile"/>
</testsuite> <!-- tests.UserRegisterationwithDDTandPropertiesFile -->
