<?xml version="1.0" encoding="UTF-8"?>
<!-- Generated by org.testng.reporters.JUnitReportReporter -->
<testsuite skipped="0" hostname="DESKTOP-TD6L0N5" name="tests.UserRegisterationTestwithDDTandExcel" tests="3" failures="0" timestamp="03 Jan 2020 11:46:00 GMT" time="22.962" errors="0">
  <testcase name="UserCanRegisterSuccessfully" time="10.369" classname="tests.UserRegisterationTestwithDDTandExcel"/>
  <testcase name="UserCanRegisterSuccessfully" time="6.163" classname="tests.UserRegisterationTestwithDDTandExcel"/>
  <testcase name="UserCanRegisterSuccessfully" time="6.430" classname="tests.UserRegisterationTestwithDDTandExcel"/>
</testsuite> <!-- tests.UserRegisterationTestwithDDTandExcel -->
