<?xml version="1.0" encoding="UTF-8"?>
<!-- Generated by org.testng.reporters.JUnitReportReporter -->
<testsuite skipped="0" hostname="DESKTOP-TD6L0N5" name="tests.AddProductToShoppingCartTestPT" tests="4" failures="0" timestamp="12 Jan 2020 11:24:49 GMT" time="41.145" errors="0">
  <testcase name="UserCanSearchWithAutoSuggest" time="22.668" classname="tests.AddProductToShoppingCartTestPT"/>
  <testcase name="UserCanAddProductToShoppingCart" time="8.550" classname="tests.AddProductToShoppingCartTestPT"/>
  <testcase name="addQunatity" time="5.761" classname="tests.AddProductToShoppingCartTestPT"/>
  <testcase name="UserCanRemoveProductFromCart" time="4.166" classname="tests.AddProductToShoppingCartTestPT"/>
</testsuite> <!-- tests.AddProductToShoppingCartTestPT -->
