<?xml version="1.0" encoding="UTF-8"?>
<!-- Generated by org.testng.reporters.JUnitReportReporter -->
<testsuite skipped="0" hostname="DESKTOP-TD6L0N5" name="tests.AddProductToCompareTest" tests="2" failures="0" timestamp="29 Dec 2019 18:50:13 GMT" time="16.911" errors="0">
  <testcase name="UserCanCompareProducts" time="15.828" classname="tests.AddProductToCompareTest"/>
  <testcase name="UserCanClearCompareList" time="1.083" classname="tests.AddProductToCompareTest"/>
</testsuite> <!-- tests.AddProductToCompareTest -->
