<?xml version="1.0" encoding="UTF-8"?>
<!-- Generated by org.testng.reporters.JUnitReportReporter -->
<testsuite skipped="0" hostname="DESKTOP-TD6L0N5" name="tests.AddProductReviewTest" tests="4" failures="0" timestamp="28 Dec 2019 17:51:30 GMT" time="14.878" errors="0">
  <testcase name="UserCanRegisterSuccessfully" time="4.464" classname="tests.AddProductReviewTest"/>
  <testcase name="UserCanSearchWithAutoSuggest" time="5.869" classname="tests.AddProductReviewTest"/>
  <testcase name="RegisteredUserCanaddReview" time="2.722" classname="tests.AddProductReviewTest"/>
  <testcase name="RegisteredUserCanLogout" time="1.823" classname="tests.AddProductReviewTest"/>
</testsuite> <!-- tests.AddProductReviewTest -->
