<?xml version="1.0" encoding="UTF-8"?>
<!-- Generated by org.testng.reporters.JUnitReportReporter -->
<testsuite skipped="0" hostname="DESKTOP-TD6L0N5" name="tests.UserRegisterationwithDTTAndDataProvider" tests="2" failures="0" timestamp="02 Jan 2020 13:23:40 GMT" time="17.995" errors="0">
  <testcase name="UserCanRegisterSuccessfully" time="7.147" classname="tests.UserRegisterationwithDTTAndDataProvider"/>
  <testcase name="UserCanRegisterSuccessfully" time="10.848" classname="tests.UserRegisterationwithDTTAndDataProvider"/>
</testsuite> <!-- tests.UserRegisterationwithDTTAndDataProvider -->
