<?xml version="1.0" encoding="UTF-8"?>
<!-- Generated by org.testng.reporters.JUnitReportReporter -->
<testsuite skipped="0" hostname="DESKTOP-TD6L0N5" name="tests.UserRegisterationTestwithDDTAndJSON" tests="1" failures="0" timestamp="03 Jan 2020 16:17:38 GMT" time="8.778" errors="0">
  <testcase name="UserCanRegisterSuccessfully" time="8.778" classname="tests.UserRegisterationTestwithDDTAndJSON"/>
</testsuite> <!-- tests.UserRegisterationTestwithDDTAndJSON -->
